<?xml version="1.0" encoding="UTF-8"?>
<testsuite name="com.chand.spring.SpringtutorialApplicationTests" tests="0" skipped="0" failures="0" errors="0" timestamp="1970-01-01T00:00:00" hostname="Chands-MacBook-Pro-2.local" time="0.0">
  <properties/>
  <system-out><![CDATA[13:36:28.388 [Test worker] DEBUG org.springframework.test.context.junit4.SpringJUnit4ClassRunner - SpringJUnit4ClassRunner constructor called with [class com.chand.spring.SpringtutorialApplicationTests]
13:36:28.393 [Test worker] DEBUG org.springframework.test.context.BootstrapUtils - Instantiating CacheAwareContextLoaderDelegate from class [org.springframework.test.context.cache.DefaultCacheAwareContextLoaderDelegate]
13:36:28.407 [Test worker] DEBUG org.springframework.test.context.BootstrapUtils - Instantiating BootstrapContext using constructor [public org.springframework.test.context.support.DefaultBootstrapContext(java.lang.Class,org.springframework.test.context.CacheAwareContextLoaderDelegate)]
13:36:28.443 [Test worker] DEBUG org.springframework.test.context.BootstrapUtils - Instantiating TestContextBootstrapper for test class [com.chand.spring.SpringtutorialApplicationTests] from class [org.springframework.boot.test.context.SpringBootTestContextBootstrapper]
13:36:28.466 [Test worker] INFO org.springframework.boot.test.context.SpringBootTestContextBootstrapper - Neither @ContextConfiguration nor @ContextHierarchy found for test class [com.chand.spring.SpringtutorialApplicationTests], using SpringBootContextLoader
13:36:28.473 [Test worker] DEBUG org.springframework.test.context.support.AbstractContextLoader - Did not detect default resource location for test class [com.chand.spring.SpringtutorialApplicationTests]: class path resource [com/chand/spring/SpringtutorialApplicationTests-context.xml] does not exist
13:36:28.474 [Test worker] DEBUG org.springframework.test.context.support.AbstractContextLoader - Did not detect default resource location for test class [com.chand.spring.SpringtutorialApplicationTests]: class path resource [com/chand/spring/SpringtutorialApplicationTestsContext.groovy] does not exist
13:36:28.475 [Test worker] INFO org.springframework.test.context.support.AbstractContextLoader - Could not detect default resource locations for test class [com.chand.spring.SpringtutorialApplicationTests]: no resource found for suffixes {-context.xml, Context.groovy}.
13:36:28.476 [Test worker] INFO org.springframework.test.context.support.AnnotationConfigContextLoaderUtils - Could not detect default configuration classes for test class [com.chand.spring.SpringtutorialApplicationTests]: SpringtutorialApplicationTests does not declare any static, non-private, non-final, nested classes annotated with @Configuration.
13:36:28.525 [Test worker] DEBUG org.springframework.test.context.support.ActiveProfilesUtils - Could not find an 'annotation declaring class' for annotation type [org.springframework.test.context.ActiveProfiles] and class [com.chand.spring.SpringtutorialApplicationTests]
13:36:28.574 [Test worker] DEBUG org.springframework.core.env.StandardEnvironment - Adding [systemProperties] PropertySource with lowest search precedence
13:36:28.575 [Test worker] DEBUG org.springframework.core.env.StandardEnvironment - Adding [systemEnvironment] PropertySource with lowest search precedence
13:36:28.576 [Test worker] DEBUG org.springframework.core.env.StandardEnvironment - Initialized StandardEnvironment with PropertySources [systemProperties,systemEnvironment]
13:36:28.588 [Test worker] DEBUG org.springframework.core.io.support.PathMatchingResourcePatternResolver - Resolved classpath location [com/chand/spring/] to resources [URL [file:/Users/chandmalu/cm_play_area/springtutorial/build/classes/test/com/chand/spring/], URL [file:/Users/chandmalu/cm_play_area/springtutorial/build/classes/main/com/chand/spring/]]
13:36:28.589 [Test worker] DEBUG org.springframework.core.io.support.PathMatchingResourcePatternResolver - Looking for matching resources in directory tree [/Users/chandmalu/cm_play_area/springtutorial/build/classes/test/com/chand/spring]
13:36:28.589 [Test worker] DEBUG org.springframework.core.io.support.PathMatchingResourcePatternResolver - Searching directory [/Users/chandmalu/cm_play_area/springtutorial/build/classes/test/com/chand/spring] for files matching pattern [/Users/chandmalu/cm_play_area/springtutorial/build/classes/test/com/chand/spring/*.class]
13:36:28.593 [Test worker] DEBUG org.springframework.core.io.support.PathMatchingResourcePatternResolver - Looking for matching resources in directory tree [/Users/chandmalu/cm_play_area/springtutorial/build/classes/main/com/chand/spring]
13:36:28.594 [Test worker] DEBUG org.springframework.core.io.support.PathMatchingResourcePatternResolver - Searching directory [/Users/chandmalu/cm_play_area/springtutorial/build/classes/main/com/chand/spring] for files matching pattern [/Users/chandmalu/cm_play_area/springtutorial/build/classes/main/com/chand/spring/*.class]
13:36:28.596 [Test worker] DEBUG org.springframework.core.io.support.PathMatchingResourcePatternResolver - Resolved location pattern [classpath*:com/chand/spring/*.class] to resources [file [/Users/chandmalu/cm_play_area/springtutorial/build/classes/test/com/chand/spring/SpringtutorialApplicationTests.class], file [/Users/chandmalu/cm_play_area/springtutorial/build/classes/main/com/chand/spring/Greeting.class], file [/Users/chandmalu/cm_play_area/springtutorial/build/classes/main/com/chand/spring/GreetingController.class], file [/Users/chandmalu/cm_play_area/springtutorial/build/classes/main/com/chand/spring/MessagePrinter.class], file [/Users/chandmalu/cm_play_area/springtutorial/build/classes/main/com/chand/spring/MessageService.class], file [/Users/chandmalu/cm_play_area/springtutorial/build/classes/main/com/chand/spring/SpringWebApplication.class], file [/Users/chandmalu/cm_play_area/springtutorial/build/classes/main/com/chand/spring/SpringtutorialApplication$1.class], file [/Users/chandmalu/cm_play_area/springtutorial/build/classes/main/com/chand/spring/SpringtutorialApplication.class]]
13:36:28.678 [Test worker] DEBUG org.springframework.context.annotation.ClassPathScanningCandidateComponentProvider - Identified candidate component class: file [/Users/chandmalu/cm_play_area/springtutorial/build/classes/main/com/chand/spring/SpringWebApplication.class]
13:36:28.684 [Test worker] INFO org.springframework.boot.test.context.SpringBootTestContextBootstrapper - Found @SpringBootConfiguration com.chand.spring.SpringWebApplication for test class com.chand.spring.SpringtutorialApplicationTests
13:36:28.690 [Test worker] DEBUG org.springframework.boot.test.context.SpringBootTestContextBootstrapper - @TestExecutionListeners is not present for class [com.chand.spring.SpringtutorialApplicationTests]: using defaults.
13:36:28.694 [Test worker] INFO org.springframework.boot.test.context.SpringBootTestContextBootstrapper - Loaded default TestExecutionListener class names from location [META-INF/spring.factories]: [org.springframework.boot.test.mock.mockito.MockitoTestExecutionListener, org.springframework.boot.test.mock.mockito.ResetMocksTestExecutionListener, org.springframework.boot.test.autoconfigure.AutoConfigureReportTestExecutionListener, org.springframework.boot.test.autoconfigure.restdocs.RestDocsTestExecutionListener, org.springframework.boot.test.autoconfigure.web.client.MockRestServiceServerResetTestExecutionListener, org.springframework.test.context.web.ServletTestExecutionListener, org.springframework.test.context.support.DirtiesContextBeforeModesTestExecutionListener, org.springframework.test.context.support.DependencyInjectionTestExecutionListener, org.springframework.test.context.support.DirtiesContextTestExecutionListener, org.springframework.test.context.transaction.TransactionalTestExecutionListener, org.springframework.test.context.jdbc.SqlScriptsTestExecutionListener]
13:36:28.704 [Test worker] INFO org.springframework.boot.test.context.SpringBootTestContextBootstrapper - Could not instantiate TestExecutionListener [org.springframework.test.context.transaction.TransactionalTestExecutionListener]. Specify custom listener classes or make the default listener classes (and their required dependencies) available. Offending class: [org/springframework/transaction/interceptor/TransactionAttributeSource]
13:36:28.705 [Test worker] INFO org.springframework.boot.test.context.SpringBootTestContextBootstrapper - Could not instantiate TestExecutionListener [org.springframework.test.context.jdbc.SqlScriptsTestExecutionListener]. Specify custom listener classes or make the default listener classes (and their required dependencies) available. Offending class: [org/springframework/transaction/interceptor/TransactionAttribute]
13:36:28.706 [Test worker] INFO org.springframework.boot.test.context.SpringBootTestContextBootstrapper - Using TestExecutionListeners: [org.springframework.test.context.web.ServletTestExecutionListener@8d3eee7, org.springframework.test.context.support.DirtiesContextBeforeModesTestExecutionListener@23821e20, org.springframework.boot.test.autoconfigure.AutoConfigureReportTestExecutionListener@f4aff76, org.springframework.test.context.support.DependencyInjectionTestExecutionListener@74c2c2a, org.springframework.test.context.support.DirtiesContextTestExecutionListener@107f4ef2, org.springframework.boot.test.mock.mockito.ResetMocksTestExecutionListener@23bf21c3, org.springframework.boot.test.mock.mockito.MockitoTestExecutionListener@7bd6cb8d, org.springframework.boot.test.autoconfigure.web.client.MockRestServiceServerResetTestExecutionListener@1d1d95a1, org.springframework.boot.test.autoconfigure.restdocs.RestDocsTestExecutionListener@77ff502e]
13:36:28.717 [Test worker] DEBUG org.springframework.test.annotation.ProfileValueUtils - Retrieved @ProfileValueSourceConfiguration [null] for test class [com.chand.spring.SpringtutorialApplicationTests]
13:36:28.718 [Test worker] DEBUG org.springframework.test.annotation.ProfileValueUtils - Retrieved ProfileValueSource type [class org.springframework.test.annotation.SystemProfileValueSource] for class [com.chand.spring.SpringtutorialApplicationTests]
]]></system-out>
  <system-err><![CDATA[]]></system-err>
</testsuite>
